This is pdfTeX, Version 3.141592653-2.6-1.40.25 (MiKTeX 23.10) (preloaded format=pdflatex 2023.10.29)  30 OCT 2023 00:33
entering extended mode
 restricted \write18 enabled.
 %&-line parsing enabled.
**./Divisor_Waves_and_their_Connection_to_the_Riemann_Hypothesis.tex
(Divisor_Waves_and_their_Connection_to_the_Riemann_Hypothesis.tex
LaTeX2e <2023-06-01> patch level 1
L3 programming layer <2023-08-29>
(C:\Users\ADA\AppData\Local\Programs\MiKTeX\tex/latex/base\article.cls
Document Class: article 2023/05/17 v1.4n Standard LaTeX document class
(C:\Users\ADA\AppData\Local\Programs\MiKTeX\tex/latex/base\size10.clo
File: size10.clo 2023/05/17 v1.4n Standard LaTeX file (size option)
)
\c@part=\count185
\c@section=\count186
\c@subsection=\count187
\c@subsubsection=\count188
\c@paragraph=\count189
\c@subparagraph=\count190
\c@figure=\count191
\c@table=\count192
\abovecaptionskip=\skip48
\belowcaptionskip=\skip49
\bibindent=\dimen140
)
(C:\Users\ADA\AppData\Local\Programs\MiKTeX\tex/latex/geometry\geometry.sty
Package: geometry 2020/01/02 v5.9 Page Geometry

(C:\Users\ADA\AppData\Local\Programs\MiKTeX\tex/latex/graphics\keyval.sty
Package: keyval 2022/05/29 v1.15 key=value parser (DPC)
\KV@toks@=\toks17
)
(C:\Users\ADA\AppData\Local\Programs\MiKTeX\tex/generic/iftex\ifvtex.sty
Package: ifvtex 2019/10/25 v1.7 ifvtex legacy package. Use iftex instead.

(C:\Users\ADA\AppData\Local\Programs\MiKTeX\tex/generic/iftex\iftex.sty
Package: iftex 2022/02/03 v1.0f TeX engine tests
))
\Gm@cnth=\count193
\Gm@cntv=\count194
\c@Gm@tempcnt=\count195
\Gm@bindingoffset=\dimen141
\Gm@wd@mp=\dimen142
\Gm@odd@mp=\dimen143
\Gm@even@mp=\dimen144
\Gm@layoutwidth=\dimen145
\Gm@layoutheight=\dimen146
\Gm@layouthoffset=\dimen147
\Gm@layoutvoffset=\dimen148
\Gm@dimlist=\toks18

(C:\Users\ADA\AppData\Local\Programs\MiKTeX\tex/latex/geometry\geometry.cfg))
(C:\Users\ADA\AppData\Local\Programs\MiKTeX\tex/latex/amsmath\amsmath.sty
Package: amsmath 2023/05/13 v2.17o AMS math features
\@mathmargin=\skip50

For additional information on amsmath, use the `?' option.
(C:\Users\ADA\AppData\Local\Programs\MiKTeX\tex/latex/amsmath\amstext.sty
Package: amstext 2021/08/26 v2.01 AMS text

(C:\Users\ADA\AppData\Local\Programs\MiKTeX\tex/latex/amsmath\amsgen.sty
File: amsgen.sty 1999/11/30 v2.0 generic functions
\@emptytoks=\toks19
\ex@=\dimen149
))
(C:\Users\ADA\AppData\Local\Programs\MiKTeX\tex/latex/amsmath\amsbsy.sty
Package: amsbsy 1999/11/29 v1.2d Bold Symbols
\pmbraise@=\dimen150
)
(C:\Users\ADA\AppData\Local\Programs\MiKTeX\tex/latex/amsmath\amsopn.sty
Package: amsopn 2022/04/08 v2.04 operator names
)
\inf@bad=\count196
LaTeX Info: Redefining \frac on input line 234.
\uproot@=\count197
\leftroot@=\count198
LaTeX Info: Redefining \overline on input line 399.
LaTeX Info: Redefining \colon on input line 410.
\classnum@=\count199
\DOTSCASE@=\count266
LaTeX Info: Redefining \ldots on input line 496.
LaTeX Info: Redefining \dots on input line 499.
LaTeX Info: Redefining \cdots on input line 620.
\Mathstrutbox@=\box51
\strutbox@=\box52
LaTeX Info: Redefining \big on input line 722.
LaTeX Info: Redefining \Big on input line 723.
LaTeX Info: Redefining \bigg on input line 724.
LaTeX Info: Redefining \Bigg on input line 725.
\big@size=\dimen151
LaTeX Font Info:    Redeclaring font encoding OML on input line 743.
LaTeX Font Info:    Redeclaring font encoding OMS on input line 744.
\macc@depth=\count267
LaTeX Info: Redefining \bmod on input line 905.
LaTeX Info: Redefining \pmod on input line 910.
LaTeX Info: Redefining \smash on input line 940.
LaTeX Info: Redefining \relbar on input line 970.
LaTeX Info: Redefining \Relbar on input line 971.
\c@MaxMatrixCols=\count268
\dotsspace@=\muskip16
\c@parentequation=\count269
\dspbrk@lvl=\count270
\tag@help=\toks20
\row@=\count271
\column@=\count272
\maxfields@=\count273
\andhelp@=\toks21
\eqnshift@=\dimen152
\alignsep@=\dimen153
\tagshift@=\dimen154
\tagwidth@=\dimen155
\totwidth@=\dimen156
\lineht@=\dimen157
\@envbody=\toks22
\multlinegap=\skip51
\multlinetaggap=\skip52
\mathdisplay@stack=\toks23
LaTeX Info: Redefining \[ on input line 2953.
LaTeX Info: Redefining \] on input line 2954.
)
(C:\Users\ADA\AppData\Local\Programs\MiKTeX\tex/latex/graphics\graphicx.sty
Package: graphicx 2021/09/16 v1.2d Enhanced LaTeX Graphics (DPC,SPQR)

(C:\Users\ADA\AppData\Local\Programs\MiKTeX\tex/latex/graphics\graphics.sty
Package: graphics 2022/03/10 v1.4e Standard LaTeX Graphics (DPC,SPQR)

(C:\Users\ADA\AppData\Local\Programs\MiKTeX\tex/latex/graphics\trig.sty
Package: trig 2021/08/11 v1.11 sin cos tan (DPC)
)
(C:\Users\ADA\AppData\Local\Programs\MiKTeX\tex/latex/graphics-cfg\graphics.cfg
File: graphics.cfg 2016/06/04 v1.11 sample graphics configuration
)
Package graphics Info: Driver file: pdftex.def on input line 107.
 (C:\Users\ADA\AppData\Local\Programs\MiKTeX\tex/latex/graphics-def\pdftex.def
File: pdftex.def 2022/09/22 v1.2b Graphics/color driver for pdftex
))
\Gin@req@height=\dimen158
\Gin@req@width=\dimen159
)
(C:\Users\ADA\AppData\Local\Programs\MiKTeX\tex/latex/l3backend\l3backend-pdfte
x.def
File: l3backend-pdftex.def 2023-04-19 L3 backend support: PDF output (pdfTeX)
\l__color_backend_stack_int=\count274
\l__pdf_internal_box=\box53
) (Divisor_Waves_and_their_Connection_to_the_Riemann_Hypothesis.aux)
\openout1 = `Divisor_Waves_and_their_Connection_to_the_Riemann_Hypothesis.aux'.

LaTeX Font Info:    Checking defaults for OML/cmm/m/it on input line 10.
LaTeX Font Info:    ... okay on input line 10.
LaTeX Font Info:    Checking defaults for OMS/cmsy/m/n on input line 10.
LaTeX Font Info:    ... okay on input line 10.
LaTeX Font Info:    Checking defaults for OT1/cmr/m/n on input line 10.
LaTeX Font Info:    ... okay on input line 10.
LaTeX Font Info:    Checking defaults for T1/cmr/m/n on input line 10.
LaTeX Font Info:    ... okay on input line 10.
LaTeX Font Info:    Checking defaults for TS1/cmr/m/n on input line 10.
LaTeX Font Info:    ... okay on input line 10.
LaTeX Font Info:    Checking defaults for OMX/cmex/m/n on input line 10.
LaTeX Font Info:    ... okay on input line 10.
LaTeX Font Info:    Checking defaults for U/cmr/m/n on input line 10.
LaTeX Font Info:    ... okay on input line 10.

*geometry* driver: auto-detecting
*geometry* detected driver: pdftex
*geometry* verbose mode - [ preamble ] result:
* driver: pdftex
* paper: <default>
* layout: <same size as paper>
* layoutoffset:(h,v)=(0.0pt,0.0pt)
* modes: 
* h-part:(L,W,R)=(56.9055pt, 500.484pt, 56.9055pt)
* v-part:(T,H,B)=(56.9055pt, 652.70622pt, 85.35826pt)
* \paperwidth=614.295pt
* \paperheight=794.96999pt
* \textwidth=500.484pt
* \textheight=652.70622pt
* \oddsidemargin=-15.36449pt
* \evensidemargin=-15.36449pt
* \topmargin=-52.36449pt
* \headheight=12.0pt
* \headsep=25.0pt
* \topskip=10.0pt
* \footskip=30.0pt
* \marginparwidth=65.0pt
* \marginparsep=11.0pt
* \columnsep=10.0pt
* \skip\footins=9.0pt plus 4.0pt minus 2.0pt
* \hoffset=0.0pt
* \voffset=0.0pt
* \mag=1000
* \@twocolumnfalse
* \@twosidefalse
* \@mparswitchfalse
* \@reversemarginfalse
* (1in=72.27pt=25.4mm, 1cm=28.453pt)


(C:\Users\ADA\AppData\Local\Programs\MiKTeX\tex/context/base/mkii\supp-pdf.mkii
[Loading MPS to PDF converter (version 2006.09.02).]
\scratchcounter=\count275
\scratchdimen=\dimen160
\scratchbox=\box54
\nofMPsegments=\count276
\nofMParguments=\count277
\everyMPshowfont=\toks24
\MPscratchCnt=\count278
\MPscratchDim=\dimen161
\MPnumerator=\count279
\makeMPintoPDFobject=\count280
\everyMPtoPDFconversion=\toks25
)
(C:\Users\ADA\AppData\Local\Programs\MiKTeX\tex/latex/epstopdf-pkg\epstopdf-bas
e.sty
Package: epstopdf-base 2020-01-24 v2.11 Base part for package epstopdf
Package epstopdf-base Info: Redefining graphics rule for `.eps' on input line 4
85.

(C:\Users\ADA\AppData\Local\Programs\MiKTeX\tex/latex/00miktex\epstopdf-sys.cfg
File: epstopdf-sys.cfg 2021/03/18 v2.0 Configuration of epstopdf for MiKTeX
))
<graphs/2D_Real_New/FigureA.png, id=1, 1244.39906pt x 297.36093pt>
File: graphs/2D_Real_New/FigureA.png Graphic file (type png)
<use graphs/2D_Real_New/FigureA.png>
Package pdftex.def Info: graphs/2D_Real_New/FigureA.png  used on input line 32.

(pdftex.def)             Requested size: 379.53168pt x 90.69267pt.
File: graphs/2D_Real_New/FigureA.png Graphic file (type png)
<use graphs/2D_Real_New/FigureA.png>
Package pdftex.def Info: graphs/2D_Real_New/FigureA.png  used on input line 32.

(pdftex.def)             Requested size: 379.53168pt x 90.69267pt.


! LaTeX Error: \caption outside float.

See the LaTeX manual or LaTeX Companion for explanation.
Type  H <return>  for immediate help.
 ...                                              
                                                  
l.33 \hspace{21mm}\caption
                          {Figure 1: Plot of $f_2(x)$ without scaling coeffi...

? 
<graphs/2D_Real_New/Figure1_2.png, id=2, 1360.33218pt x 652.68843pt>
File: graphs/2D_Real_New/Figure1_2.png Graphic file (type png)
<use graphs/2D_Real_New/Figure1_2.png>
Package pdftex.def Info: graphs/2D_Real_New/Figure1_2.png  used on input line 3
7.
(pdftex.def)             Requested size: 380.89041pt x 182.75151pt.
File: graphs/2D_Real_New/Figure1_2.png Graphic file (type png)
<use graphs/2D_Real_New/Figure1_2.png>
Package pdftex.def Info: graphs/2D_Real_New/Figure1_2.png  used on input line 3
7.
(pdftex.def)             Requested size: 380.89041pt x 182.75151pt.

! LaTeX Error: \caption outside float.

See the LaTeX manual or LaTeX Companion for explanation.
Type  H <return>  for immediate help.
 ...                                              
                                                  
l.38 \hspace{21mm}\caption
                          {Figure 2: Plot of $f_2(x)$ with scaling coefficie...

? 
[1

{C:/Users/ADA/AppData/Local/MiKTeX/fonts/map/pdftex/pdftex.map} <./graphs/2D_Re
al_New/FigureA.png> <./graphs/2D_Real_New/Figure1_2.png>]
<graphs/2D_Real_New/FigureB_redone.png, id=18, 1399.47844pt x 259.7203pt>
File: graphs/2D_Real_New/FigureB_redone.png Graphic file (type png)
<use graphs/2D_Real_New/FigureB_redone.png>
Package pdftex.def Info: graphs/2D_Real_New/FigureB_redone.png  used on input l
ine 56.
(pdftex.def)             Requested size: 433.83383pt x 80.51245pt.
File: graphs/2D_Real_New/FigureB_redone.png Graphic file (type png)
<use graphs/2D_Real_New/FigureB_redone.png>
Package pdftex.def Info: graphs/2D_Real_New/FigureB_redone.png  used on input l
ine 56.
(pdftex.def)             Requested size: 433.83383pt x 80.51245pt.


! LaTeX Error: \caption outside float.

See the LaTeX manual or LaTeX Companion for explanation.
Type  H <return>  for immediate help.
 ...                                              
                                                  
l.57 \hspace{15mm}\caption
                          {Figure 3: Graph of the Sieve of Eratosthenes, wit...

? 
<graphs/2D_Real_New/Figure4_redone.png, id=19, 1328.71407pt x 624.83438pt>
File: graphs/2D_Real_New/Figure4_redone.png Graphic file (type png)
<use graphs/2D_Real_New/Figure4_redone.png>
Package pdftex.def Info: graphs/2D_Real_New/Figure4_redone.png  used on input l
ine 61.
(pdftex.def)             Requested size: 438.477pt x 206.19598pt.
File: graphs/2D_Real_New/Figure4_redone.png Graphic file (type png)
<use graphs/2D_Real_New/Figure4_redone.png>
Package pdftex.def Info: graphs/2D_Real_New/Figure4_redone.png  used on input l
ine 61.
(pdftex.def)             Requested size: 438.477pt x 206.19598pt.

! LaTeX Error: \caption outside float.

See the LaTeX manual or LaTeX Companion for explanation.
Type  H <return>  for immediate help.
 ...                                              
                                                  
l.62 \hspace{15mm}\caption
                          {Figure 4: Graph of the Sieve of Eratosthenes, wit...

? 

Underfull \hbox (badness 10000) in paragraph at lines 61--63

 []

! Double subscript.
l.64 ...2(x)$, $a_3(x)$, $a_5(x)$, $a_7(x)$, $a_1_
                                                  1(x)$, $a_1_3(x)$, etc. \\
? 
! Double subscript.
l.64 ...x)$, $a_5(x)$, $a_7(x)$, $a_1_1(x)$, $a_1_
                                                  3(x)$, etc. \\
? 

Underfull \hbox (badness 10000) in paragraph at lines 64--67

 []

[2 <./graphs/2D_Real_New/FigureB_redone.png> <./graphs/2D_Real_New/Figure4_redo
ne.png>]
Underfull \hbox (badness 10000) in paragraph at lines 69--70

 []


Underfull \hbox (badness 10000) in paragraph at lines 77--80

 []

<graphs/2D_Real_Graphs/cuspcurve.png, id=23, 886.06032pt x 225.09094pt>
File: graphs/2D_Real_Graphs/cuspcurve.png Graphic file (type png)
<use graphs/2D_Real_Graphs/cuspcurve.png>
Package pdftex.def Info: graphs/2D_Real_Graphs/cuspcurve.png  used on input lin
e 82.
(pdftex.def)             Requested size: 443.02908pt x 112.54518pt.
File: graphs/2D_Real_Graphs/cuspcurve.png Graphic file (type png)
<use graphs/2D_Real_Graphs/cuspcurve.png>
Package pdftex.def Info: graphs/2D_Real_Graphs/cuspcurve.png  used on input lin
e 82.
(pdftex.def)             Requested size: 443.02908pt x 112.54518pt.

! LaTeX Error: \caption outside float.

See the LaTeX manual or LaTeX Companion for explanation.
Type  H <return>  for immediate help.
 ...                                              
                                                  
l.83 \hspace{8mm}\caption
                         {Figure 5: Real plot for a(x), on the interval $0 <...

? 

Underfull \hbox (badness 10000) in paragraph at lines 82--84

 []


Underfull \hbox (badness 10000) in paragraph at lines 85--90

 []


Underfull \hbox (badness 10000) in paragraph at lines 85--90

 []

<graphs/3D_Complex_Graphs/product_of_sin/Complex_3D_product_of_sin_11.png, id=2
4, 627.09282pt x 381.67593pt>
File: graphs/3D_Complex_Graphs/product_of_sin/Complex_3D_product_of_sin_11.png 
Graphic file (type png)
<use graphs/3D_Complex_Graphs/product_of_sin/Complex_3D_product_of_sin_11.png>
Package pdftex.def Info: graphs/3D_Complex_Graphs/product_of_sin/Complex_3D_pro
duct_of_sin_11.png  used on input line 93.
(pdftex.def)             Requested size: 395.07057pt x 240.4571pt.
File: graphs/3D_Complex_Graphs/product_of_sin/Complex_3D_product_of_sin_11.png 
Graphic file (type png)
<use graphs/3D_Complex_Graphs/product_of_sin/Complex_3D_product_of_sin_11.png>
Package pdftex.def Info: graphs/3D_Complex_Graphs/product_of_sin/Complex_3D_pro
duct_of_sin_11.png  used on input line 93.
(pdftex.def)             Requested size: 395.07057pt x 240.4571pt.
[3 <./graphs/2D_Real_Graphs/cuspcurve.png>]

! LaTeX Error: \caption outside float.

See the LaTeX manual or LaTeX Companion for explanation.
Type  H <return>  for immediate help.
 ...                                              
                                                  
l.94 \hspace{15mm}\caption
                          {Figure 6: 3D Graph of $a(x+iy)$ showcasing the ze...

? 

Underfull \hbox (badness 10000) in paragraph at lines 93--95

 []

<graphs/3D_Complex_Graphs/product_of_sin/Complex_3D_product_of_sin_10.png, id=2
9, 1388.93906pt x 729.47531pt>
File: graphs/3D_Complex_Graphs/product_of_sin/Complex_3D_product_of_sin_10.png 
Graphic file (type png)
<use graphs/3D_Complex_Graphs/product_of_sin/Complex_3D_product_of_sin_10.png>
Package pdftex.def Info: graphs/3D_Complex_Graphs/product_of_sin/Complex_3D_pro
duct_of_sin_10.png  used on input line 99.
(pdftex.def)             Requested size: 388.90028pt x 204.2517pt.
File: graphs/3D_Complex_Graphs/product_of_sin/Complex_3D_product_of_sin_10.png 
Graphic file (type png)
<use graphs/3D_Complex_Graphs/product_of_sin/Complex_3D_product_of_sin_10.png>
Package pdftex.def Info: graphs/3D_Complex_Graphs/product_of_sin/Complex_3D_pro
duct_of_sin_10.png  used on input line 99.
(pdftex.def)             Requested size: 388.90028pt x 204.2517pt.

! LaTeX Error: \caption outside float.

See the LaTeX manual or LaTeX Companion for explanation.
Type  H <return>  for immediate help.
 ...                                              
                                                  
l.100 \hspace{8mm}\caption
                          {Figure 7: 2D Graph of $a(x+iy)$ showcasing the ze...

? 

Underfull \hbox (badness 10000) in paragraph at lines 99--101

 []

[4 <./graphs/3D_Complex_Graphs/product_of_sin/Complex_3D_product_of_sin_11.png>
 <./graphs/3D_Complex_Graphs/product_of_sin/Complex_3D_product_of_sin_10.png>]
<graphs/2D_Real_Graphs/norm_cuspcurve.png, id=34, 821.31844pt x 166.37157pt>
File: graphs/2D_Real_Graphs/norm_cuspcurve.png Graphic file (type png)
<use graphs/2D_Real_Graphs/norm_cuspcurve.png>
Package pdftex.def Info: graphs/2D_Real_Graphs/norm_cuspcurve.png  used on inpu
t line 110.
(pdftex.def)             Requested size: 451.72653pt x 91.50462pt.
File: graphs/2D_Real_Graphs/norm_cuspcurve.png Graphic file (type png)
<use graphs/2D_Real_Graphs/norm_cuspcurve.png>
Package pdftex.def Info: graphs/2D_Real_Graphs/norm_cuspcurve.png  used on inpu
t line 110.
(pdftex.def)             Requested size: 451.72653pt x 91.50462pt.


! LaTeX Error: \caption outside float.

See the LaTeX manual or LaTeX Companion for explanation.
Type  H <return>  for immediate help.
 ...                                              
                                                  
l.111 \hspace{8mm}\caption
                          {Figure 8: 2D Graph of $A(x)$ showcasing the zeros...

? 

Underfull \hbox (badness 10000) in paragraph at lines 110--112

 []

<graphs/3D_Complex_Graphs/product_of_sin/normalized_Complex_3D_product_of_sin_H
DSET_5.png, id=35, 681.29532pt x 438.8897pt>
File: graphs/3D_Complex_Graphs/product_of_sin/normalized_Complex_3D_product_of_
sin_HDSET_5.png Graphic file (type png)
<use graphs/3D_Complex_Graphs/product_of_sin/normalized_Complex_3D_product_of_s
in_HDSET_5.png>
Package pdftex.def Info: graphs/3D_Complex_Graphs/product_of_sin/normalized_Com
plex_3D_product_of_sin_HDSET_5.png  used on input line 125.
(pdftex.def)             Requested size: 367.894pt x 236.9969pt.
File: graphs/3D_Complex_Graphs/product_of_sin/normalized_Complex_3D_product_of_
sin_HDSET_5.png Graphic file (type png)
<use graphs/3D_Complex_Graphs/product_of_sin/normalized_Complex_3D_product_of_s
in_HDSET_5.png>
Package pdftex.def Info: graphs/3D_Complex_Graphs/product_of_sin/normalized_Com
plex_3D_product_of_sin_HDSET_5.png  used on input line 125.
(pdftex.def)             Requested size: 367.894pt x 236.9969pt.

! LaTeX Error: \caption outside float.

See the LaTeX manual or LaTeX Companion for explanation.
Type  H <return>  for immediate help.
 ...                                              
                                                  
l.126 \hspace{8mm}\caption
                          {Figure 9: 3D Graph of $A(x+iy)$ showcasing the no...

? 

Underfull \hbox (badness 10000) in paragraph at lines 125--127

 []

<graphs/3D_Complex_Graphs/product_of_sin/normalized_Complex_3D_product_of_sin_H
DSET_4.png, id=36, 672.26157pt x 399.74344pt>
File: graphs/3D_Complex_Graphs/product_of_sin/normalized_Complex_3D_product_of_
sin_HDSET_4.png Graphic file (type png)
<use graphs/3D_Complex_Graphs/product_of_sin/normalized_Complex_3D_product_of_s
in_HDSET_4.png>
Package pdftex.def Info: graphs/3D_Complex_Graphs/product_of_sin/normalized_Com
plex_3D_product_of_sin_HDSET_4.png  used on input line 132.
(pdftex.def)             Requested size: 363.01584pt x 215.85823pt.
File: graphs/3D_Complex_Graphs/product_of_sin/normalized_Complex_3D_product_of_
sin_HDSET_4.png Graphic file (type png)
<use graphs/3D_Complex_Graphs/product_of_sin/normalized_Complex_3D_product_of_s
in_HDSET_4.png>
Package pdftex.def Info: graphs/3D_Complex_Graphs/product_of_sin/normalized_Com
plex_3D_product_of_sin_HDSET_4.png  used on input line 132.
(pdftex.def)             Requested size: 363.01584pt x 215.85823pt.
[5 <./graphs/2D_Real_Graphs/norm_cuspcurve.png> <./graphs/3D_Complex_Graphs/pro
duct_of_sin/normalized_Complex_3D_product_of_sin_HDSET_5.png>]

! LaTeX Error: \caption outside float.

See the LaTeX manual or LaTeX Companion for explanation.
Type  H <return>  for immediate help.
 ...                                              
                                                  
l.133 \hspace{8mm}\caption
                          {Figure 10: 3D Graph of $A(x+iy)$ showcasing the n...

? 

Underfull \hbox (badness 10000) in paragraph at lines 132--134

 []

<graphs/3D_Complex_Graphs/product_of_sin/normalized_Complex_3D_product_of_sin_H
DSET_8.png, id=41, 1400.98407pt x 729.47531pt>
File: graphs/3D_Complex_Graphs/product_of_sin/normalized_Complex_3D_product_of_
sin_HDSET_8.png Graphic file (type png)
<use graphs/3D_Complex_Graphs/product_of_sin/normalized_Complex_3D_product_of_s
in_HDSET_8.png>
Package pdftex.def Info: graphs/3D_Complex_Graphs/product_of_sin/normalized_Com
plex_3D_product_of_sin_HDSET_8.png  used on input line 139.
(pdftex.def)             Requested size: 392.27286pt x 204.2517pt.
File: graphs/3D_Complex_Graphs/product_of_sin/normalized_Complex_3D_product_of_
sin_HDSET_8.png Graphic file (type png)
<use graphs/3D_Complex_Graphs/product_of_sin/normalized_Complex_3D_product_of_s
in_HDSET_8.png>
Package pdftex.def Info: graphs/3D_Complex_Graphs/product_of_sin/normalized_Com
plex_3D_product_of_sin_HDSET_8.png  used on input line 139.
(pdftex.def)             Requested size: 392.27286pt x 204.2517pt.

! LaTeX Error: \caption outside float.

See the LaTeX manual or LaTeX Companion for explanation.
Type  H <return>  for immediate help.
 ...                                              
                                                  
l.140 \hspace{8mm}\caption
                          {Figure 11: 2D Graph of $A(x+iy)$ showcasing the n...

? 

Underfull \hbox (badness 10000) in paragraph at lines 139--141

 []

[6 <./graphs/3D_Complex_Graphs/product_of_sin/normalized_Complex_3D_product_of_
sin_HDSET_4.png> <./graphs/3D_Complex_Graphs/product_of_sin/normalized_Complex_
3D_product_of_sin_HDSET_8.png>]
<graphs/2D_Real_Graphs/prime_indicator_og_redone.png, id=45, 1084.80281pt x 133
.24782pt>
File: graphs/2D_Real_Graphs/prime_indicator_og_redone.png Graphic file (type pn
g)
<use graphs/2D_Real_Graphs/prime_indicator_og_redone.png>
Package pdftex.def Info: graphs/2D_Real_Graphs/prime_indicator_og_redone.png  u
sed on input line 150.
(pdftex.def)             Requested size: 488.15675pt x 59.96095pt.
File: graphs/2D_Real_Graphs/prime_indicator_og_redone.png Graphic file (type pn
g)
<use graphs/2D_Real_Graphs/prime_indicator_og_redone.png>
Package pdftex.def Info: graphs/2D_Real_Graphs/prime_indicator_og_redone.png  u
sed on input line 150.
(pdftex.def)             Requested size: 488.15675pt x 59.96095pt.


! LaTeX Error: \caption outside float.

See the LaTeX manual or LaTeX Companion for explanation.
Type  H <return>  for immediate help.
 ...                                              
                                                  
l.151 \hspace{8mm}\caption
                          {Figure 12: 2D Graph of $b(x)$ showcasing the zero...

? 

Underfull \hbox (badness 10000) in paragraph at lines 150--152

 []


Underfull \hbox (badness 10000) in paragraph at lines 153--158

 []


Underfull \hbox (badness 10000) in paragraph at lines 153--158

 []

<graphs/3D_Complex_Graphs/product_of_product_representation_of_sin/non_normaliz
ed_goodm_prism_1.png, id=46, 764.10469pt x 452.4403pt>
File: graphs/3D_Complex_Graphs/product_of_product_representation_of_sin/non_nor
malized_goodm_prism_1.png Graphic file (type png)
<use graphs/3D_Complex_Graphs/product_of_product_representation_of_sin/non_norm
alized_goodm_prism_1.png>
Package pdftex.def Info: graphs/3D_Complex_Graphs/product_of_product_representa
tion_of_sin/non_normalized_goodm_prism_1.png  used on input line 160.
(pdftex.def)             Requested size: 343.84393pt x 203.59625pt.
File: graphs/3D_Complex_Graphs/product_of_product_representation_of_sin/non_nor
malized_goodm_prism_1.png Graphic file (type png)
<use graphs/3D_Complex_Graphs/product_of_product_representation_of_sin/non_norm
alized_goodm_prism_1.png>
Package pdftex.def Info: graphs/3D_Complex_Graphs/product_of_product_representa
tion_of_sin/non_normalized_goodm_prism_1.png  used on input line 160.
(pdftex.def)             Requested size: 343.84393pt x 203.59625pt.

! LaTeX Error: \caption outside float.

See the LaTeX manual or LaTeX Companion for explanation.
Type  H <return>  for immediate help.
 ...                                              
                                                  
l.161 \hspace{8mm}\caption
                          {Figure 13: 2D Graph of $b(x+iy)$ showcasing the z...

? 

Underfull \hbox (badness 10000) in paragraph at lines 160--162

 []


Underfull \hbox (badness 10000) in paragraph at lines 163--164

 []

<graphs/3D_Complex_Graphs/product_of_product_representation_of_sin/non_normaliz
ed_goodm_prism_8.png, id=47, 1407.00656pt x 727.96968pt>
File: graphs/3D_Complex_Graphs/product_of_product_representation_of_sin/non_nor
malized_goodm_prism_8.png Graphic file (type png)
<use graphs/3D_Complex_Graphs/product_of_product_representation_of_sin/non_norm
alized_goodm_prism_8.png>
Package pdftex.def Info: graphs/3D_Complex_Graphs/product_of_product_representa
tion_of_sin/non_normalized_goodm_prism_8.png  used on input line 166.
(pdftex.def)             Requested size: 393.95915pt x 203.83012pt.
File: graphs/3D_Complex_Graphs/product_of_product_representation_of_sin/non_nor
malized_goodm_prism_8.png Graphic file (type png)
<use graphs/3D_Complex_Graphs/product_of_product_representation_of_sin/non_norm
alized_goodm_prism_8.png>
Package pdftex.def Info: graphs/3D_Complex_Graphs/product_of_product_representa
tion_of_sin/non_normalized_goodm_prism_8.png  used on input line 166.
(pdftex.def)             Requested size: 393.95915pt x 203.83012pt.
[7 <./graphs/2D_Real_Graphs/prime_indicator_og_redone.png> <./graphs/3D_Complex
_Graphs/product_of_product_representation_of_sin/non_normalized_goodm_prism_1.p
ng>]

! LaTeX Error: \caption outside float.

See the LaTeX manual or LaTeX Companion for explanation.
Type  H <return>  for immediate help.
 ...                                              
                                                  
l.167 \hspace{8mm}\caption
                          {Figure 14: 3D Graph of $b(x+iy)$ showcasing the z...

? 

Underfull \hbox (badness 10000) in paragraph at lines 166--168

 []


Underfull \hbox (badness 10000) in paragraph at lines 169--170

 []

<graphs/2D_Complex_Graphs/Infinite_Product_of_infinite_product_representation_o
f_sin/Complex_product_17_n_2-28__imaginary_scalar_logarithm.png, id=52, 1354.30
97pt x 720.44156pt>
File: graphs/2D_Complex_Graphs/Infinite_Product_of_infinite_product_representat
ion_of_sin/Complex_product_17_n_2-28__imaginary_scalar_logarithm.png Graphic fi
le (type png)
<use graphs/2D_Complex_Graphs/Infinite_Product_of_infinite_product_representati
on_of_sin/Complex_product_17_n_2-28__imaginary_scalar_logarithm.png>
Package pdftex.def Info: graphs/2D_Complex_Graphs/Infinite_Product_of_infinite_
product_representation_of_sin/Complex_product_17_n_2-28__imaginary_scalar_logar
ithm.png  used on input line 173.
(pdftex.def)             Requested size: 379.20413pt x 201.72226pt.
File: graphs/2D_Complex_Graphs/Infinite_Product_of_infinite_product_representat
ion_of_sin/Complex_product_17_n_2-28__imaginary_scalar_logarithm.png Graphic fi
le (type png)
<use graphs/2D_Complex_Graphs/Infinite_Product_of_infinite_product_representati
on_of_sin/Complex_product_17_n_2-28__imaginary_scalar_logarithm.png>
Package pdftex.def Info: graphs/2D_Complex_Graphs/Infinite_Product_of_infinite_
product_representation_of_sin/Complex_product_17_n_2-28__imaginary_scalar_logar
ithm.png  used on input line 173.
(pdftex.def)             Requested size: 379.20413pt x 201.72226pt.

! LaTeX Error: \caption outside float.

See the LaTeX manual or LaTeX Companion for explanation.
Type  H <return>  for immediate help.
 ...                                              
                                                  
l.174 \hspace{8mm}\caption
                          {Figure 15: 2D Fractal $#2$ Graph of $b(x+iy)$ sho...

? 
! You can't use `macro parameter character #' in math mode.
<recently read> ##
                  
l.174 ...ace{8mm}\caption{Figure 15: 2D Fractal $#
                                                  2$ Graph of $b(x+iy)$ show...

? 

Underfull \hbox (badness 10000) in paragraph at lines 173--175

 []


Underfull \hbox (badness 10000) in paragraph at lines 176--177

 []

[8 <./graphs/3D_Complex_Graphs/product_of_product_representation_of_sin/non_nor
malized_goodm_prism_8.png> <./graphs/2D_Complex_Graphs/Infinite_Product_of_infi
nite_product_representation_of_sin/Complex_product_17_n_2-28__imaginary_scalar_
logarithm.png>]
Underfull \hbox (badness 10000) in paragraph at lines 179--180

 []


Underfull \hbox (badness 10000) in paragraph at lines 181--182

 []


Underfull \hbox (badness 10000) in paragraph at lines 186--187

 []


Underfull \hbox (badness 10000) in paragraph at lines 191--192

 []


Underfull \hbox (badness 10000) in paragraph at lines 196--197

 []

[9]
Underfull \hbox (badness 10000) in paragraph at lines 213--214

 []


! LaTeX Error: Environment flushleft* undefined.

See the LaTeX manual or LaTeX Companion for explanation.
Type  H <return>  for immediate help.
 ...                                              
                                                  
l.215 \begin{flushleft*}
                        
? 

! LaTeX Error: \begin{document} ended by \end{flushleft*}.

See the LaTeX manual or LaTeX Companion for explanation.
Type  H <return>  for immediate help.
 ...                                              
                                                  
l.217 \end{flushleft*}
                      
? 

Underfull \hbox (badness 10000) in paragraph at lines 216--218

 []

! Missing delimiter (. inserted).
<to be read again> 
                   \left 
l.228 \end{align*}
                  
? 
! Extra }, or forgotten \right.
<template> }
            $}\ifmeasuring@ \savefieldlength@ \fi \set@field \endtemplate 
l.228 \end{align*}
                  
? 
! Missing \right. inserted.
<inserted text> 
                \right .
l.228 \end{align*}
                  
? 
! Missing } inserted.
<inserted text> 
                }
l.228 \end{align*}
                  
? 
! Missing delimiter (. inserted).
<to be read again> 
                   \left 
l.228 \end{align*}
                  
? 
! Extra }, or forgotten \right.
<template> }
            $}\ifmeasuring@ \savefieldlength@ \fi \set@field \endtemplate 
l.228 \end{align*}
                  
? 
! Missing \right. inserted.
<inserted text> 
                \right .
l.228 \end{align*}
                  
? 
! Missing } inserted.
<inserted text> 
                }
l.228 \end{align*}
                  
? 
! Missing delimiter (. inserted).
<to be read again> 
                   \left 
l.228 \end{align*}
                  
? 
! Extra }, or forgotten \right.
<template> }
            $}\ifmeasuring@ \savefieldlength@ \fi \set@field \endtemplate 
l.228 \end{align*}
                  
? 
! Missing \right. inserted.
<inserted text> 
                \right .
l.228 \end{align*}
                  
? 
! Missing } inserted.
<inserted text> 
                }
l.228 \end{align*}
                  
? 
! Missing delimiter (. inserted).
<to be read again> 
                   \left 
l.228 \end{align*}
                  
? 
! Extra }, or forgotten \right.
<template> }
            $}\ifmeasuring@ \savefieldlength@ \fi \set@field \endtemplate 
l.228 \end{align*}
                  
? 
! Missing \right. inserted.
<inserted text> 
                \right .
l.228 \end{align*}
                  
? 
! Missing } inserted.
<inserted text> 
                }
l.228 \end{align*}
                  
? 

Underfull \hbox (badness 10000) in paragraph at lines 230--231

 []


! LaTeX Error: Environment flushleft* undefined.

See the LaTeX manual or LaTeX Companion for explanation.
Type  H <return>  for immediate help.
 ...                                              
                                                  
l.232 \begin{flushleft*}
                        
? 

! LaTeX Error: \begin{document} ended by \end{flushleft*}.

See the LaTeX manual or LaTeX Companion for explanation.
Type  H <return>  for immediate help.
 ...                                              
                                                  
l.234 \end{flushleft*}
                      
? 

Underfull \hbox (badness 10000) in paragraph at lines 233--235

 []

! Missing delimiter (. inserted).
<to be read again> 
                   \left 
l.244 \end{align*}
                  
? 
! Extra }, or forgotten \right.
<template> }
            $}\ifmeasuring@ \savefieldlength@ \fi \set@field \endtemplate 
l.244 \end{align*}
                  
? 
! Missing \right. inserted.
<inserted text> 
                \right .
l.244 \end{align*}
                  
? 
! Missing } inserted.
<inserted text> 
                }
l.244 \end{align*}
                  
? 
! Missing delimiter (. inserted).
<to be read again> 
                   \left 
l.244 \end{align*}
                  
? 
! Extra }, or forgotten \right.
<template> }
            $}\ifmeasuring@ \savefieldlength@ \fi \set@field \endtemplate 
l.244 \end{align*}
                  
? 
! Missing \right. inserted.
<inserted text> 
                \right .
l.244 \end{align*}
                  
? 
! Missing } inserted.
<inserted text> 
                }
l.244 \end{align*}
                  
? 
! Missing delimiter (. inserted).
<to be read again> 
                   \left 
l.244 \end{align*}
                  
? 
! Extra }, or forgotten \right.
<template> }
            $}\ifmeasuring@ \savefieldlength@ \fi \set@field \endtemplate 
l.244 \end{align*}
                  
? 
! Missing \right. inserted.
<inserted text> 
                \right .
l.244 \end{align*}
                  
? 
! Missing } inserted.
<inserted text> 
                }
l.244 \end{align*}
                  
? 
! Missing delimiter (. inserted).
<to be read again> 
                   \left 
l.244 \end{align*}
                  
? 
! Extra }, or forgotten \right.
<template> }
            $}\ifmeasuring@ \savefieldlength@ \fi \set@field \endtemplate 
l.244 \end{align*}
                  
? 
! Missing \right. inserted.
<inserted text> 
                \right .
l.244 \end{align*}
                  
? 
! Missing } inserted.
<inserted text> 
                }
l.244 \end{align*}
                  
? 
! Missing delimiter (. inserted).
<to be read again> 
                   \left 
l.244 \end{align*}
                  
? 
! Extra }, or forgotten \right.
<template> }
            $}\ifmeasuring@ \savefieldlength@ \fi \set@field \endtemplate 
l.244 \end{align*}
                  
? 
! Missing \right. inserted.
<inserted text> 
                \right .
l.244 \end{align*}
                  
? 
! Missing } inserted.
<inserted text> 
                }
l.244 \end{align*}
                  
? 
! Missing delimiter (. inserted).
<to be read again> 
                   \left 
l.244 \end{align*}
                  
? 
! Extra }, or forgotten \right.
<template> }
            $}\ifmeasuring@ \savefieldlength@ \fi \set@field \endtemplate 
l.244 \end{align*}
                  
? 
! Missing \right. inserted.
<inserted text> 
                \right .
l.244 \end{align*}
                  
? 
! Missing } inserted.
<inserted text> 
                }
l.244 \end{align*}
                  
? 
! Missing delimiter (. inserted).
<to be read again> 
                   \left 
l.244 \end{align*}
                  
? 
! Extra }, or forgotten \right.
<template> }
            $}\ifmeasuring@ \savefieldlength@ \fi \set@field \endtemplate 
l.244 \end{align*}
                  
? 
! Missing \right. inserted.
<inserted text> 
                \right .
l.244 \end{align*}
                  
? 
! Missing } inserted.
<inserted text> 
                }
l.244 \end{align*}
                  
? 
! Missing delimiter (. inserted).
<to be read again> 
                   \left 
l.244 \end{align*}
                  
? 
! Extra }, or forgotten \right.
<template> }
            $}\ifmeasuring@ \savefieldlength@ \fi \set@field \endtemplate 
l.244 \end{align*}
                  
? 
! Missing \right. inserted.
<inserted text> 
                \right .
l.244 \end{align*}
                  
? 
! Missing } inserted.
<inserted text> 
                }
l.244 \end{align*}
                  
? 
[10]
<graphs/2D_Real_Graphs/prime_indicator_norm.png, id=62, 1349.79282pt x 191.9672
pt>
File: graphs/2D_Real_Graphs/prime_indicator_norm.png Graphic file (type png)
<use graphs/2D_Real_Graphs/prime_indicator_norm.png>
Package pdftex.def Info: graphs/2D_Real_Graphs/prime_indicator_norm.png  used o
n input line 256.
(pdftex.def)             Requested size: 472.43457pt x 67.18951pt.
File: graphs/2D_Real_Graphs/prime_indicator_norm.png Graphic file (type png)
<use graphs/2D_Real_Graphs/prime_indicator_norm.png>
Package pdftex.def Info: graphs/2D_Real_Graphs/prime_indicator_norm.png  used o
n input line 256.
(pdftex.def)             Requested size: 472.43457pt x 67.18951pt.


! LaTeX Error: \caption outside float.

See the LaTeX manual or LaTeX Companion for explanation.
Type  H <return>  for immediate help.
 ...                                              
                                                  
l.257 \hspace{8mm}\caption
                          {Figure 16: 2D Graph of $B(x)$ showcasing the zero...

? 

Underfull \hbox (badness 10000) in paragraph at lines 256--258

 []


Underfull \hbox (badness 10000) in paragraph at lines 259--260

 []


Underfull \hbox (badness 10000) in paragraph at lines 261--262

 []

<graphs/3D_Complex_Graphs/product_of_product_representation_of_sin//ComplexPlot
_prodprodforsin_4_Prism_Colorization_New.png, id=63, 1390.44469pt x 723.45282pt
>
File: graphs/3D_Complex_Graphs/product_of_product_representation_of_sin//Comple
xPlot_prodprodforsin_4_Prism_Colorization_New.png Graphic file (type png)
<use graphs/3D_Complex_Graphs/product_of_product_representation_of_sin//Complex
Plot_prodprodforsin_4_Prism_Colorization_New.png>
Package pdftex.def Info: graphs/3D_Complex_Graphs/product_of_product_representa
tion_of_sin//ComplexPlot_prodprodforsin_4_Prism_Colorization_New.png  used on i
nput line 265.
(pdftex.def)             Requested size: 389.32187pt x 202.56541pt.
File: graphs/3D_Complex_Graphs/product_of_product_representation_of_sin//Comple
xPlot_prodprodforsin_4_Prism_Colorization_New.png Graphic file (type png)
<use graphs/3D_Complex_Graphs/product_of_product_representation_of_sin//Complex
Plot_prodprodforsin_4_Prism_Colorization_New.png>
Package pdftex.def Info: graphs/3D_Complex_Graphs/product_of_product_representa
tion_of_sin//ComplexPlot_prodprodforsin_4_Prism_Colorization_New.png  used on i
nput line 265.
(pdftex.def)             Requested size: 389.32187pt x 202.56541pt.

! LaTeX Error: \caption outside float.

See the LaTeX manual or LaTeX Companion for explanation.
Type  H <return>  for immediate help.
 ...                                              
                                                  
l.266 \hspace{8mm}\caption
                          {Figure 17: 2D Graph of $B(x+iy)$ showcasing the z...

? 

Underfull \hbox (badness 10000) in paragraph at lines 265--267

 []

<graphs/3D_Complex_Graphs/product_of_product_representation_of_sin/ComplexPlot_
prodprodforsin_8.png, id=64, 791.20593pt x 586.44093pt>
File: graphs/3D_Complex_Graphs/product_of_product_representation_of_sin/Complex
Plot_prodprodforsin_8.png Graphic file (type png)
<use graphs/3D_Complex_Graphs/product_of_product_representation_of_sin/ComplexP
lot_prodprodforsin_8.png>
Package pdftex.def Info: graphs/3D_Complex_Graphs/product_of_product_representa
tion_of_sin/ComplexPlot_prodprodforsin_8.png  used on input line 272.
(pdftex.def)             Requested size: 356.03938pt x 263.89597pt.
File: graphs/3D_Complex_Graphs/product_of_product_representation_of_sin/Complex
Plot_prodprodforsin_8.png Graphic file (type png)
<use graphs/3D_Complex_Graphs/product_of_product_representation_of_sin/ComplexP
lot_prodprodforsin_8.png>
Package pdftex.def Info: graphs/3D_Complex_Graphs/product_of_product_representa
tion_of_sin/ComplexPlot_prodprodforsin_8.png  used on input line 272.
(pdftex.def)             Requested size: 356.03938pt x 263.89597pt.
[11 <./graphs/2D_Real_Graphs/prime_indicator_norm.png> <./graphs/3D_Complex_Gra
phs/product_of_product_representation_of_sin//ComplexPlot_prodprodforsin_4_Pris
m_Colorization_New.png>]

! LaTeX Error: \caption outside float.

See the LaTeX manual or LaTeX Companion for explanation.
Type  H <return>  for immediate help.
 ...                                              
                                                  
l.273 \hspace{8mm}\caption
                          {Figure 18: 3D Graph of $B(x+iy)$ showcasing the z...

? 

Underfull \hbox (badness 10000) in paragraph at lines 272--274

 []

<graphs/3D_Complex_Graphs/product_of_product_representation_of_sin/ComplexPlot_
norm_prodprodforsin_prism_3.png, id=70, 934.24031pt x 646.66594pt>
File: graphs/3D_Complex_Graphs/product_of_product_representation_of_sin/Complex
Plot_norm_prodprodforsin_prism_3.png Graphic file (type png)
<use graphs/3D_Complex_Graphs/product_of_product_representation_of_sin/ComplexP
lot_norm_prodprodforsin_prism_3.png>
Package pdftex.def Info: graphs/3D_Complex_Graphs/product_of_product_representa
tion_of_sin/ComplexPlot_norm_prodprodforsin_prism_3.png  used on input line 277
.
(pdftex.def)             Requested size: 420.40425pt x 290.99698pt.
File: graphs/3D_Complex_Graphs/product_of_product_representation_of_sin/Complex
Plot_norm_prodprodforsin_prism_3.png Graphic file (type png)
<use graphs/3D_Complex_Graphs/product_of_product_representation_of_sin/ComplexP
lot_norm_prodprodforsin_prism_3.png>
Package pdftex.def Info: graphs/3D_Complex_Graphs/product_of_product_representa
tion_of_sin/ComplexPlot_norm_prodprodforsin_prism_3.png  used on input line 277
.
(pdftex.def)             Requested size: 420.40425pt x 290.99698pt.

! LaTeX Error: \caption outside float.

See the LaTeX manual or LaTeX Companion for explanation.
Type  H <return>  for immediate help.
 ...                                              
                                                  
l.278 \hspace{8mm}\caption
                          {Figure 19: 3D Graph of $B(x+iy)$ showcasing the z...

? 

Underfull \hbox (badness 10000) in paragraph at lines 277--279

 []

[12 <./graphs/3D_Complex_Graphs/product_of_product_representation_of_sin/Comple
xPlot_prodprodforsin_8.png> <./graphs/3D_Complex_Graphs/product_of_product_repr
esentation_of_sin/ComplexPlot_norm_prodprodforsin_prism_3.png>] [13]
<graphs/2D_Real_Graphs/1+sin_prod.png, id=78, 1431.09656pt x 243.15843pt>
File: graphs/2D_Real_Graphs/1+sin_prod.png Graphic file (type png)
<use graphs/2D_Real_Graphs/1+sin_prod.png>
Package pdftex.def Info: graphs/2D_Real_Graphs/1+sin_prod.png  used on input li
ne 298.
(pdftex.def)             Requested size: 429.33229pt x 72.94809pt.
File: graphs/2D_Real_Graphs/1+sin_prod.png Graphic file (type png)
<use graphs/2D_Real_Graphs/1+sin_prod.png>
Package pdftex.def Info: graphs/2D_Real_Graphs/1+sin_prod.png  used on input li
ne 298.
(pdftex.def)             Requested size: 429.33229pt x 72.94809pt.
<graphs/3D_Complex_Graphs/riesz_sin/Ries_sin_norm_1.png, id=79, 761.09344pt x 5
27.72156pt>
File: graphs/3D_Complex_Graphs/riesz_sin/Ries_sin_norm_1.png Graphic file (type
 png)
<use graphs/3D_Complex_Graphs/riesz_sin/Ries_sin_norm_1.png>
Package pdftex.def Info: graphs/3D_Complex_Graphs/riesz_sin/Ries_sin_norm_1.png
  used on input line 304.
(pdftex.def)             Requested size: 342.48889pt x 237.4725pt.
File: graphs/3D_Complex_Graphs/riesz_sin/Ries_sin_norm_1.png Graphic file (type
 png)
<use graphs/3D_Complex_Graphs/riesz_sin/Ries_sin_norm_1.png>
Package pdftex.def Info: graphs/3D_Complex_Graphs/riesz_sin/Ries_sin_norm_1.png
  used on input line 304.
(pdftex.def)             Requested size: 342.48889pt x 237.4725pt.
 [14 <./graphs/2D_Real_Graphs/1+sin_prod.png> <./graphs/3D_Complex_Graphs/riesz
_sin/Ries_sin_norm_1.png>] [15]
Underfull \hbox (badness 10000) in paragraph at lines 326--327

 []

<graphs/2D_Real_Graphs/1+cos_prod.png, id=86, 1420.55719pt x 217.5628pt>
File: graphs/2D_Real_Graphs/1+cos_prod.png Graphic file (type png)
<use graphs/2D_Real_Graphs/1+cos_prod.png>
Package pdftex.def Info: graphs/2D_Real_Graphs/1+cos_prod.png  used on input li
ne 330.
(pdftex.def)             Requested size: 426.17044pt x 65.26933pt.
File: graphs/2D_Real_Graphs/1+cos_prod.png Graphic file (type png)
<use graphs/2D_Real_Graphs/1+cos_prod.png>
Package pdftex.def Info: graphs/2D_Real_Graphs/1+cos_prod.png  used on input li
ne 330.
(pdftex.def)             Requested size: 426.17044pt x 65.26933pt.
<graphs/3D_Complex_Graphs/riesz_cos/Ries_cos_norm_1.png, id=87, 804.75656pt x 5
62.35094pt>
File: graphs/3D_Complex_Graphs/riesz_cos/Ries_cos_norm_1.png Graphic file (type
 png)
<use graphs/3D_Complex_Graphs/riesz_cos/Ries_cos_norm_1.png>
Package pdftex.def Info: graphs/3D_Complex_Graphs/riesz_cos/Ries_cos_norm_1.png
  used on input line 336.
(pdftex.def)             Requested size: 362.1371pt x 253.05557pt.
File: graphs/3D_Complex_Graphs/riesz_cos/Ries_cos_norm_1.png Graphic file (type
 png)
<use graphs/3D_Complex_Graphs/riesz_cos/Ries_cos_norm_1.png>
Package pdftex.def Info: graphs/3D_Complex_Graphs/riesz_cos/Ries_cos_norm_1.png
  used on input line 336.
(pdftex.def)             Requested size: 362.1371pt x 253.05557pt.
[16 <./graphs/2D_Real_Graphs/1+cos_prod.png> <./graphs/3D_Complex_Graphs/riesz_
cos/Ries_cos_norm_1.png>] [17]
<graphs/2D_Real_Graphs/prod_1+tan.png, id=94, 1425.07407pt x 265.74281pt>
File: graphs/2D_Real_Graphs/prod_1+tan.png Graphic file (type png)
<use graphs/2D_Real_Graphs/prod_1+tan.png>
Package pdftex.def Info: graphs/2D_Real_Graphs/prod_1+tan.png  used on input li
ne 358.
(pdftex.def)             Requested size: 427.52551pt x 79.72345pt.
File: graphs/2D_Real_Graphs/prod_1+tan.png Graphic file (type png)
<use graphs/2D_Real_Graphs/prod_1+tan.png>
Package pdftex.def Info: graphs/2D_Real_Graphs/prod_1+tan.png  used on input li
ne 358.
(pdftex.def)             Requested size: 427.52551pt x 79.72345pt.

Underfull \hbox (badness 10000) in paragraph at lines 360--361

 []

<graphs/3D_Complex_Graphs/riesz_tan/Ries_tan_norm_1.png, id=95, 741.52031pt x 5
47.2947pt>
File: graphs/3D_Complex_Graphs/riesz_tan/Ries_tan_norm_1.png Graphic file (type
 png)
<use graphs/3D_Complex_Graphs/riesz_tan/Ries_tan_norm_1.png>
Package pdftex.def Info: graphs/3D_Complex_Graphs/riesz_tan/Ries_tan_norm_1.png
  used on input line 364.
(pdftex.def)             Requested size: 407.83743pt x 301.013pt.
File: graphs/3D_Complex_Graphs/riesz_tan/Ries_tan_norm_1.png Graphic file (type
 png)
<use graphs/3D_Complex_Graphs/riesz_tan/Ries_tan_norm_1.png>
Package pdftex.def Info: graphs/3D_Complex_Graphs/riesz_tan/Ries_tan_norm_1.png
  used on input line 364.
(pdftex.def)             Requested size: 407.83743pt x 301.013pt.
<graphs/3D_Complex_Graphs/riesz_tan/Ries_tan_norm_2.png, id=96, 1378.39969pt x 
717.43031pt>
File: graphs/3D_Complex_Graphs/riesz_tan/Ries_tan_norm_2.png Graphic file (type
 png)
<use graphs/3D_Complex_Graphs/riesz_tan/Ries_tan_norm_2.png>
Package pdftex.def Info: graphs/3D_Complex_Graphs/riesz_tan/Ries_tan_norm_2.png
  used on input line 370.
(pdftex.def)             Requested size: 385.94928pt x 200.87912pt.
File: graphs/3D_Complex_Graphs/riesz_tan/Ries_tan_norm_2.png Graphic file (type
 png)
<use graphs/3D_Complex_Graphs/riesz_tan/Ries_tan_norm_2.png>
Package pdftex.def Info: graphs/3D_Complex_Graphs/riesz_tan/Ries_tan_norm_2.png
  used on input line 370.
(pdftex.def)             Requested size: 385.94928pt x 200.87912pt.
[18 <./graphs/2D_Real_Graphs/prod_1+tan.png> <./graphs/3D_Complex_Graphs/riesz_
tan/Ries_tan_norm_1.png>]
<graphs/3D_Complex_Graphs/riesz_tan/Ries_tan_norm_3.png, id=100, 730.98094pt x 
408.77719pt>
File: graphs/3D_Complex_Graphs/riesz_tan/Ries_tan_norm_3.png Graphic file (type
 png)
<use graphs/3D_Complex_Graphs/riesz_tan/Ries_tan_norm_3.png>
Package pdftex.def Info: graphs/3D_Complex_Graphs/riesz_tan/Ries_tan_norm_3.png
  used on input line 374.
(pdftex.def)             Requested size: 402.04076pt x 224.82814pt.
File: graphs/3D_Complex_Graphs/riesz_tan/Ries_tan_norm_3.png Graphic file (type
 png)
<use graphs/3D_Complex_Graphs/riesz_tan/Ries_tan_norm_3.png>
Package pdftex.def Info: graphs/3D_Complex_Graphs/riesz_tan/Ries_tan_norm_3.png
  used on input line 374.
(pdftex.def)             Requested size: 402.04076pt x 224.82814pt.
 [19 <./graphs/3D_Complex_Graphs/riesz_tan/Ries_tan_norm_2.png> <./graphs/3D_Co
mplex_Graphs/riesz_tan/Ries_tan_norm_3.png>] [20]
Underfull \hbox (badness 10000) in paragraph at lines 394--395

 []


Underfull \hbox (badness 10000) in paragraph at lines 396--397

 []

<graphs/2D_Real_Graphs/1+sin_prod_xprimefunc.png, id=108, 1429.59094pt x 219.06
844pt>
File: graphs/2D_Real_Graphs/1+sin_prod_xprimefunc.png Graphic file (type png)
<use graphs/2D_Real_Graphs/1+sin_prod_xprimefunc.png>
Package pdftex.def Info: graphs/2D_Real_Graphs/1+sin_prod_xprimefunc.png  used 
on input line 400.
(pdftex.def)             Requested size: 428.8806pt x 65.72102pt.
File: graphs/2D_Real_Graphs/1+sin_prod_xprimefunc.png Graphic file (type png)
<use graphs/2D_Real_Graphs/1+sin_prod_xprimefunc.png>
Package pdftex.def Info: graphs/2D_Real_Graphs/1+sin_prod_xprimefunc.png  used 
on input line 400.
(pdftex.def)             Requested size: 428.8806pt x 65.72102pt.
[21 <./graphs/2D_Real_Graphs/1+sin_prod_xprimefunc.png>] [22]
<graphs/2D_Real_Graphs/1+cos_prod_xprimefunc.png, id=115, 1422.0628pt x 223.585
31pt>
File: graphs/2D_Real_Graphs/1+cos_prod_xprimefunc.png Graphic file (type png)
<use graphs/2D_Real_Graphs/1+cos_prod_xprimefunc.png>
Package pdftex.def Info: graphs/2D_Real_Graphs/1+cos_prod_xprimefunc.png  used 
on input line 422.
(pdftex.def)             Requested size: 426.62213pt x 67.0761pt.
File: graphs/2D_Real_Graphs/1+cos_prod_xprimefunc.png Graphic file (type png)
<use graphs/2D_Real_Graphs/1+cos_prod_xprimefunc.png>
Package pdftex.def Info: graphs/2D_Real_Graphs/1+cos_prod_xprimefunc.png  used 
on input line 422.
(pdftex.def)             Requested size: 426.62213pt x 67.0761pt.
 [23 <./graphs/2D_Real_Graphs/1+cos_prod_xprimefunc.png>] [24]
<graphs/2D_Real_Graphs/1+tan_prod_xprimefunc.png, id=122, 1429.59094pt x 213.04
594pt>
File: graphs/2D_Real_Graphs/1+tan_prod_xprimefunc.png Graphic file (type png)
<use graphs/2D_Real_Graphs/1+tan_prod_xprimefunc.png>
Package pdftex.def Info: graphs/2D_Real_Graphs/1+tan_prod_xprimefunc.png  used 
on input line 443.
(pdftex.def)             Requested size: 428.8806pt x 63.91426pt.
File: graphs/2D_Real_Graphs/1+tan_prod_xprimefunc.png Graphic file (type png)
<use graphs/2D_Real_Graphs/1+tan_prod_xprimefunc.png>
Package pdftex.def Info: graphs/2D_Real_Graphs/1+tan_prod_xprimefunc.png  used 
on input line 443.
(pdftex.def)             Requested size: 428.8806pt x 63.91426pt.

Underfull \hbox (badness 10000) in paragraph at lines 451--452

 []


Underfull \hbox (badness 10000) in paragraph at lines 453--454

 []

[25 <./graphs/2D_Real_Graphs/1+tan_prod_xprimefunc.png>] [26]
Underfull \hbox (badness 10000) in paragraph at lines 477--478

 []


Underfull \hbox (badness 10000) in paragraph at lines 483--484

 []

! Missing { inserted.
<to be read again> 
                   \left 
l.487 \end{align*}
                  
? 
! Missing } inserted.
<inserted text> 
                }
l.487 \end{align*}
                  
? 
! Missing { inserted.
<to be read again> 
                   \left 
l.487 \end{align*}
                  
? 
! Missing } inserted.
<inserted text> 
                }
l.487 \end{align*}
                  
? 

Underfull \hbox (badness 10000) in paragraph at lines 489--490

 []


Underfull \hbox (badness 10000) in paragraph at lines 491--492

 []


Underfull \hbox (badness 10000) in paragraph at lines 497--498

 []


Underfull \hbox (badness 10000) in paragraph at lines 503--504

 []

! Missing $ inserted.
<inserted text> 
                $
l.505 ...Initial Description of Function \zeta(z)}
                                                   \\
? 
! Missing $ inserted.
<inserted text> 
                $
l.505 ...Initial Description of Function \zeta(z)}
                                                   \\
? 

! LaTeX Error: There's no line here to end.

See the LaTeX manual or LaTeX Companion for explanation.
Type  H <return>  for immediate help.
 ...                                              
                                                  
l.506 H
       ere we will derive a new infinite product for the zeta function from ...

? 

Underfull \hbox (badness 10000) in paragraph at lines 506--507

 []

[27] [28]
Underfull \hbox (badness 10000) in paragraph at lines 560--561

 []


Underfull \hbox (badness 10000) in paragraph at lines 566--567

 []


Underfull \hbox (badness 10000) in paragraph at lines 572--573

 []


Underfull \hbox (badness 10000) in paragraph at lines 578--579

 []


Underfull \hbox (badness 10000) in paragraph at lines 584--585

 []


Underfull \hbox (badness 10000) in paragraph at lines 590--591

 []


Underfull \hbox (badness 10000) in paragraph at lines 596--597

 []

[29]
Underfull \hbox (badness 10000) in paragraph at lines 602--603

 []


Underfull \hbox (badness 10000) in paragraph at lines 608--609

 []


Underfull \hbox (badness 10000) in paragraph at lines 615--616

 []


Underfull \hbox (badness 10000) in paragraph at lines 622--623

 []

! Misplaced alignment tab character &.
l.628 Setting $x &
                  = 2^{-s/2}$ and $y = n$, we get: \\
? 

Underfull \hbox (badness 10000) in paragraph at lines 628--629

 []


Underfull \hbox (badness 10000) in paragraph at lines 634--635

 []

[30] [31] [32] [33]
! Missing } inserted.
<inserted text> 
                }
l.777 \end{align*}
                  
? 
! Missing } inserted.
<inserted text> 
                }
l.777 \end{align*}
                  
? 
! Extra \right.
<argument> ...\frac {\zeta (z)}{2}\right )\right |
                                                  
l.777 \end{align*}
                  
? 
! Extra }, or forgotten $.
\frac  #1#2->{\begingroup #1\endgroup \@@over #2}
                                                 
l.777 \end{align*}
                  
? 
! Missing { inserted.
<inserted text> 
                {
l.777 \end{align*}
                  
? 
! Missing } inserted.
<inserted text> 
                }
l.777 \end{align*}
                  
? 
! Missing } inserted.
<inserted text> 
                }
l.777 \end{align*}
                  
? 
! Extra \right.
<argument> ...\frac {\zeta (z)}{2}\right )\right |
                                                  
l.777 \end{align*}
                  
? 
! Extra }, or forgotten $.
\frac  #1#2->{\begingroup #1\endgroup \@@over #2}
                                                 
l.777 \end{align*}
                  
? 
! Missing \endgroup inserted.
<inserted text> 
                \endgroup 
l.777 \end{align*}
                  
? 
! Misplaced \omit.
\math@cr@@@ ...@ \@ne \add@amps \maxfields@ \omit 
                                                  \kern -\alignsep@ \iftag@ ...
l.777 \end{align*}
                  
? 
! Missing { inserted.
<inserted text> 
                {
l.777 \end{align*}
                  
? 

Underfull \hbox (badness 10000) in paragraph at lines 785--786

 []

[34]
! Missing $ inserted.
<inserted text> 
                $
l.788 ...section*{Complex definition for \zeta(s)}
                                                  
? 
! Missing $ inserted.
<inserted text> 
                $
l.788 ...section*{Complex definition for \zeta(s)}
                                                  
? 
! You can't use `macro parameter character #' in math mode.
<recently read> ##
                  
l.795 2D Fractal $#
                   5$ Graph of $\zeta(x+iy)$ showcasing the zeros of the com...

? 

Underfull \hbox (badness 10000) in paragraph at lines 795--796

 []

<graphs/2D_Complex_Graphs/Reimann_Zeta_function/Complex_product_1_n_2-14_factor
ed_form.png, id=157, 1352.80406pt x 712.91344pt>
File: graphs/2D_Complex_Graphs/Reimann_Zeta_function/Complex_product_1_n_2-14_f
actored_form.png Graphic file (type png)
<use graphs/2D_Complex_Graphs/Reimann_Zeta_function/Complex_product_1_n_2-14_fa
ctored_form.png>
Package pdftex.def Info: graphs/2D_Complex_Graphs/Reimann_Zeta_function/Complex
_product_1_n_2-14_factored_form.png  used on input line 799.
(pdftex.def)             Requested size: 405.84436pt x 213.87567pt.
File: graphs/2D_Complex_Graphs/Reimann_Zeta_function/Complex_product_1_n_2-14_f
actored_form.png Graphic file (type png)
<use graphs/2D_Complex_Graphs/Reimann_Zeta_function/Complex_product_1_n_2-14_fa
ctored_form.png>
Package pdftex.def Info: graphs/2D_Complex_Graphs/Reimann_Zeta_function/Complex
_product_1_n_2-14_factored_form.png  used on input line 799.
(pdftex.def)             Requested size: 405.84436pt x 213.87567pt.

Underfull \hbox (badness 10000) in paragraph at lines 801--802

 []


Underfull \hbox (badness 10000) in paragraph at lines 807--808

 []


Underfull \hbox (badness 10000) in paragraph at lines 813--814

 []

[35 <./graphs/2D_Complex_Graphs/Reimann_Zeta_function/Complex_product_1_n_2-14_
factored_form.png>]
Underfull \hbox (badness 10000) in paragraph at lines 825--826

 []

[36]
Underfull \hbox (badness 10000) in paragraph at lines 863--864

 []

! Missing } inserted.
<inserted text> 
                }
l.871 \end{align*}
                  
? 
! Missing delimiter (. inserted).
<to be read again> 
                   }
l.871 \end{align*}
                  
? 
! Extra }, or forgotten \right.
<recently read> }
                 
l.871 \end{align*}
                  
? 
! Missing } inserted.
<inserted text> 
                }
l.871 \end{align*}
                  
? 
! Missing delimiter (. inserted).
<to be read again> 
                   }
l.871 \end{align*}
                  
? 
! Extra }, or forgotten \right.
<recently read> }
                 
l.871 \end{align*}
                  
? 
! Missing } inserted.
<inserted text> 
                }
l.881 \end{align*}
                  
? 
! Extra \right.
<argument> ...{4}*\left (2\pi \right )^{2}\right )
                                                  *\frac {e^{-\gamma }}{2} \\ 
l.881 \end{align*}
                  
? 
! Missing { inserted.
<inserted text> 
                {
l.881 \end{align*}
                  
? 
! Missing } inserted.
<inserted text> 
                }
l.881 \end{align*}
                  
? 
! Extra \right.
<argument> ...{4}*\left (2\pi \right )^{2}\right )
                                                  *\frac {e^{-\gamma }}{2} \\ 
l.881 \end{align*}
                  
? 
! Missing \endgroup inserted.
<inserted text> 
                \endgroup 
l.881 \end{align*}
                  
? 
! Misplaced \omit.
\math@cr@@@ ...@ \@ne \add@amps \maxfields@ \omit 
                                                  \kern -\alignsep@ \iftag@ ...
l.881 \end{align*}
                  
? 
! Missing { inserted.
<inserted text> 
                {
l.881 \end{align*}
                  
? 

Underfull \hbox (badness 10000) in paragraph at lines 895--896

 []


Underfull \hbox (badness 10000) in paragraph at lines 897--898

 []


Underfull \hbox (badness 10000) in paragraph at lines 903--904

 []

[37]
Underfull \hbox (badness 10000) in paragraph at lines 909--910

 []


Underfull \hbox (badness 10000) in paragraph at lines 915--916

 []


Underfull \hbox (badness 10000) in paragraph at lines 921--922

 []


Underfull \hbox (badness 10000) in paragraph at lines 927--928

 []


Underfull \hbox (badness 10000) in paragraph at lines 933--934

 []


Underfull \hbox (badness 10000) in paragraph at lines 935--936

 []


Underfull \hbox (badness 10000) in paragraph at lines 941--942

 []


Underfull \hbox (badness 10000) in paragraph at lines 947--948

 []

[38]
Underfull \hbox (badness 10000) in paragraph at lines 953--954

 []


Underfull \hbox (badness 10000) in paragraph at lines 959--960

 []


Underfull \hbox (badness 10000) in paragraph at lines 965--966

 []


Underfull \hbox (badness 10000) in paragraph at lines 967--968

 []


Underfull \hbox (badness 10000) in paragraph at lines 969--970

 []


Underfull \hbox (badness 10000) in paragraph at lines 981--982

 []

! Missing { inserted.
<to be read again> 
                   \left 
l.985 \end{align*}
                  
? 
! Missing } inserted.
<inserted text> 
                }
l.985 \end{align*}
                  
? 
! Missing { inserted.
<to be read again> 
                   \left 
l.985 \end{align*}
                  
? 
! Missing } inserted.
<inserted text> 
                }
l.985 \end{align*}
                  
? 

Underfull \hbox (badness 10000) in paragraph at lines 987--988

 []

[39]
Underfull \hbox (badness 10000) in paragraph at lines 993--994

 []


Underfull \hbox (badness 10000) in paragraph at lines 995--996

 []


Underfull \hbox (badness 10000) in paragraph at lines 1018--1019

 []


Underfull \hbox (badness 10000) in paragraph at lines 1045--1046

 []


Underfull \hbox (badness 10000) in paragraph at lines 1047--1048

 []

[40]
! Missing { inserted.
<to be read again> 
                   \left 
l.1051 \end{align*}
                   
? 
! Missing } inserted.
<inserted text> 
                }
l.1051 \end{align*}
                   
? 
! Missing { inserted.
<to be read again> 
                   \left 
l.1051 \end{align*}
                   
? 
! Missing } inserted.
<inserted text> 
                }
l.1051 \end{align*}
                   
? 

Underfull \hbox (badness 10000) in paragraph at lines 1053--1054

 []

! Missing } inserted.
<inserted text> 
                }
l.1057 \end{align*}
                   
? 
! Missing { inserted.
<inserted text> 
                {
l.1057 \end{align*}
                   
? 
! Missing } inserted.
<inserted text> 
                }
l.1057 \end{align*}
                   
? 
! Missing \endgroup inserted.
<inserted text> 
                \endgroup 
l.1057 \end{align*}
                   
? 
! Misplaced \omit.
\math@cr@@@ ...@ \@ne \add@amps \maxfields@ \omit 
                                                  \kern -\alignsep@ \iftag@ ...
l.1057 \end{align*}
                   
? 
! Missing { inserted.
<inserted text> 
                {
l.1057 \end{align*}
                   
? 

Underfull \hbox (badness 10000) in paragraph at lines 1059--1060

 []

! Missing } inserted.
<inserted text> 
                }
l.1063 \end{align*}
                   
? 
! Missing } inserted.
<inserted text> 
                }
l.1063 \end{align*}
                   
? 
! Extra }, or forgotten $.
\frac  #1#2->{\begingroup #1\endgroup \@@over #2}
                                                 
l.1063 \end{align*}
                   
? 
! Missing { inserted.
<inserted text> 
                {
l.1063 \end{align*}
                   
? 
! Missing } inserted.
<inserted text> 
                }
l.1063 \end{align*}
                   
? 
! Missing } inserted.
<inserted text> 
                }
l.1063 \end{align*}
                   
? 
! Extra }, or forgotten $.
\frac  #1#2->{\begingroup #1\endgroup \@@over #2}
                                                 
l.1063 \end{align*}
                   
? 
! Missing \endgroup inserted.
<inserted text> 
                \endgroup 
l.1063 \end{align*}
                   
? 
! Misplaced \omit.
\math@cr@@@ ...@ \@ne \add@amps \maxfields@ \omit 
                                                  \kern -\alignsep@ \iftag@ ...
l.1063 \end{align*}
                   
? 
! Missing { inserted.
<inserted text> 
                {
l.1063 \end{align*}
                   
? 

Underfull \hbox (badness 10000) in paragraph at lines 1065--1066

 []

! Missing } inserted.
<inserted text> 
                }
l.1069 \end{align*}
                   
? 
! Missing { inserted.
<inserted text> 
                {
l.1069 \end{align*}
                   
? 
! Missing } inserted.
<inserted text> 
                }
l.1069 \end{align*}
                   
? 
! Missing \endgroup inserted.
<inserted text> 
                \endgroup 
l.1069 \end{align*}
                   
? 
! Misplaced \omit.
\math@cr@@@ ...@ \@ne \add@amps \maxfields@ \omit 
                                                  \kern -\alignsep@ \iftag@ ...
l.1069 \end{align*}
                   
? 
! Missing { inserted.
<inserted text> 
                {
l.1069 \end{align*}
                   
? 

Underfull \hbox (badness 10000) in paragraph at lines 1071--1072

 []


Underfull \hbox (badness 10000) in paragraph at lines 1077--1078

 []


Underfull \hbox (badness 10000) in paragraph at lines 1083--1084

 []

[41]
! Missing \right. inserted.
<inserted text> 
                \right .
l.1087 \end{align*}
                   
? 
! Missing } inserted.
<inserted text> 
                }
l.1087 \end{align*}
                   
? 
! Missing } inserted.
<inserted text> 
                }
l.1087 \end{align*}
                   
? 
! Missing } inserted.
<inserted text> 
                }
l.1087 \end{align*}
                   
? 
! Extra \right.
<argument> \left (n^{2-2s}\right ) + ...\right )
                                                
l.1087 \end{align*}
                   
? 
! Extra }, or forgotten $.
\frac  #1#2->{\begingroup #1\endgroup \@@over #2}
                                                 
l.1087 \end{align*}
                   
? 
! Extra }, or forgotten $.
\frac  #1#2->{\begingroup #1\endgroup \@@over #2}
                                                 
l.1087 \end{align*}
                   
? 
! Missing { inserted.
<inserted text> 
                {
l.1087 \end{align*}
                   
? 
! Missing \right. inserted.
<inserted text> 
                \right .
l.1087 \end{align*}
                   
? 
! Missing } inserted.
<inserted text> 
                }
l.1087 \end{align*}
                   
? 
! Missing } inserted.
<inserted text> 
                }
l.1087 \end{align*}
                   
? 
! Missing } inserted.
<inserted text> 
                }
l.1087 \end{align*}
                   
? 
! Extra \right.
<argument> \left (n^{2-2s}\right ) + ...\right )
                                                
l.1087 \end{align*}
                   
? 
! Extra }, or forgotten $.
\frac  #1#2->{\begingroup #1\endgroup \@@over #2}
                                                 
l.1087 \end{align*}
                   
? 
! Extra }, or forgotten $.
\frac  #1#2->{\begingroup #1\endgroup \@@over #2}
                                                 
l.1087 \end{align*}
                   
? 
! Missing \endgroup inserted.
<inserted text> 
                \endgroup 
l.1087 \end{align*}
                   
? 
! Misplaced \omit.
\math@cr@@@ ...@ \@ne \add@amps \maxfields@ \omit 
                                                  \kern -\alignsep@ \iftag@ ...
l.1087 \end{align*}
                   
? 
! Missing { inserted.
<inserted text> 
                {
l.1087 \end{align*}
                   
? 

Underfull \hbox (badness 10000) in paragraph at lines 1089--1090

 []


Underfull \hbox (badness 10000) in paragraph at lines 1095--1096

 []


Underfull \hbox (badness 10000) in paragraph at lines 1107--1108

 []


Underfull \hbox (badness 10000) in paragraph at lines 1109--1110

 []


Underfull \hbox (badness 10000) in paragraph at lines 1111--1112

 []


Underfull \hbox (badness 10000) in paragraph at lines 1113--1117

 []


Underfull \hbox (badness 10000) in paragraph at lines 1113--1117

 []


Underfull \hbox (badness 10000) in paragraph at lines 1113--1117

 []


Underfull \hbox (badness 10000) in paragraph at lines 1113--1117

 []

[42]
<graphs/Fundamental_Theorem_1.png, id=183, 662.475pt x 449.68pt>
File: graphs/Fundamental_Theorem_1.png Graphic file (type png)
<use graphs/Fundamental_Theorem_1.png>
Package pdftex.def Info: graphs/Fundamental_Theorem_1.png  used on input line 1
119.
(pdftex.def)             Requested size: 298.111pt x 202.35413pt.
File: graphs/Fundamental_Theorem_1.png Graphic file (type png)
<use graphs/Fundamental_Theorem_1.png>
Package pdftex.def Info: graphs/Fundamental_Theorem_1.png  used on input line 1
119.
(pdftex.def)             Requested size: 298.111pt x 202.35413pt.

! Missing $ inserted.
<inserted text> 
                $
l.1123 ...l-2006/58778de0faae6448c3b0bfb1a1ec4f7a_
                                                  chan.pdf.
? 
! Missing $ inserted.
<inserted text> 
                $
l.1124 
       
? 
[43 <./graphs/Fundamental_Theorem_1.png>]
(Divisor_Waves_and_their_Connection_to_the_Riemann_Hypothesis.aux)
 ***********
LaTeX2e <2023-06-01> patch level 1
L3 programming layer <2023-08-29>
 ***********
 ) 
Here is how much of TeX's memory you used:
 2914 strings out of 475248
 64487 string characters out of 5758756
 1943785 words of memory out of 5000000
 24445 multiletter control sequences out of 15000+600000
 562539 words of font info for 52 fonts, out of 8000000 for 9000
 1141 hyphenation exceptions out of 8191
 57i,14n,65p,687b,248s stack positions out of 10000i,1000n,20000p,200000b,200000s
<C:/Users/ADA/AppData/Local/Programs/MiKTeX/fonts/type1/public/amsfonts/cm/cm
bx12.pfb><C:/Users/ADA/AppData/Local/Programs/MiKTeX/fonts/type1/public/amsfont
s/cm/cmex10.pfb><C:/Users/ADA/AppData/Local/Programs/MiKTeX/fonts/type1/public/
amsfonts/cm/cmmi10.pfb><C:/Users/ADA/AppData/Local/Programs/MiKTeX/fonts/type1/
public/amsfonts/cm/cmmi12.pfb><C:/Users/ADA/AppData/Local/Programs/MiKTeX/fonts
/type1/public/amsfonts/cm/cmmi5.pfb><C:/Users/ADA/AppData/Local/Programs/MiKTeX
/fonts/type1/public/amsfonts/cm/cmmi7.pfb><C:/Users/ADA/AppData/Local/Programs/
MiKTeX/fonts/type1/public/amsfonts/cm/cmmi8.pfb><C:/Users/ADA/AppData/Local/Pro
grams/MiKTeX/fonts/type1/public/amsfonts/cm/cmr10.pfb><C:/Users/ADA/AppData/Loc
al/Programs/MiKTeX/fonts/type1/public/amsfonts/cm/cmr12.pfb><C:/Users/ADA/AppDa
ta/Local/Programs/MiKTeX/fonts/type1/public/amsfonts/cm/cmr17.pfb><C:/Users/ADA
/AppData/Local/Programs/MiKTeX/fonts/type1/public/amsfonts/cm/cmr5.pfb><C:/User
s/ADA/AppData/Local/Programs/MiKTeX/fonts/type1/public/amsfonts/cm/cmr7.pfb><C:
/Users/ADA/AppData/Local/Programs/MiKTeX/fonts/type1/public/amsfonts/cm/cmsy10.
pfb><C:/Users/ADA/AppData/Local/Programs/MiKTeX/fonts/type1/public/amsfonts/cm/
cmsy5.pfb><C:/Users/ADA/AppData/Local/Programs/MiKTeX/fonts/type1/public/amsfon
ts/cm/cmsy7.pfb>
Output written on Divisor_Waves_and_their_Connection_to_the_Riemann_Hypothesis.
pdf (43 pages, 12347713 bytes).
PDF statistics:
 253 PDF objects out of 1000 (max. 8388607)
 0 named destinations out of 1000 (max. 500000)
 161 words of extra memory for PDF output out of 10000 (max. 10000000)

